<?xml version="1.0" encoding="UTF-8"?>
<!-- Generated by org.testng.reporters.JUnitReportReporter -->
<testsuite hostname="LAPTOP-JF65BFTU" name="com.orangehrmlive.demo.opensource.tests.findSystemUsers" tests="1" failures="0" timestamp="25 Nov 2023 09:27:25 GMT" time="72.918" errors="0">
  <testcase name="testmyinformation" time="72.918" classname="com.orangehrmlive.demo.opensource.tests.findSystemUsers"/>
</testsuite> <!-- com.orangehrmlive.demo.opensource.tests.findSystemUsers -->
