<?xml version="1.0" encoding="UTF-8"?>
<!-- Generated by org.testng.reporters.JUnitReportReporter -->
<testsuite skipped="1" hostname="LAPTOP-JF65BFTU" name="ExcelPackage.handlingExcelFiles" tests="1" failures="0" timestamp="8 Oct 2021 13:26:18 GMT" time="0.000" errors="0">
  <testcase name="testDataexcel" time="0.000" classname="ExcelPackage.handlingExcelFiles">
    <skipped/>
  </testcase> <!-- testDataexcel -->
</testsuite> <!-- ExcelPackage.handlingExcelFiles -->
