<?xml version="1.0" encoding="UTF-8"?>
<!-- Generated by org.testng.reporters.JUnitReportReporter -->
<testsuite hostname="LAPTOP-JF65BFTU" name="InterviewQuestions.SeleniumTests" tests="1" failures="0" timestamp="22 Apr 2023 08:19:43 GMT" time="36.451" errors="0">
  <testcase name="test3" time="36.451" classname="InterviewQuestions.SeleniumTests"/>
</testsuite> <!-- InterviewQuestions.SeleniumTests -->
