<?xml version="1.0" encoding="UTF-8"?>
<!-- Generated by org.testng.reporters.JUnitReportReporter -->
<testsuite hostname="LAPTOP-JF65BFTU" name="com.orangehrmlive.demo.opensource.tests.AddEmployee" tests="1" failures="0" timestamp="25 Nov 2023 13:37:03 GMT" time="122.693" errors="0">
  <testcase name="testaddEmployee" time="122.693" classname="com.orangehrmlive.demo.opensource.tests.AddEmployee"/>
</testsuite> <!-- com.orangehrmlive.demo.opensource.tests.AddEmployee -->
